StudentApp/app/build/outputs/logs/manifest-merger-debug-report.txt
-- Merging decision tree log ---
manifest
ADDED from src\main\AndroidManifest.xml:2:1-172:12
	package
		ADDED from src\main\AndroidManifest.xml:3:5-59
		INJECTED from src\main\AndroidManifest.xml
		INJECTED from src\main\AndroidManifest.xml
	android:versionName
		INJECTED from src\main\AndroidManifest.xml
		INJECTED from src\main\AndroidManifest.xml
	xmlns:android
		ADDED from src\main\AndroidManifest.xml:2:11-69
	android:versionCode
		INJECTED from src\main\AndroidManifest.xml
		INJECTED from src\main\AndroidManifest.xml
uses-feature#android.hardware.camera2
ADDED from src\main\AndroidManifest.xml:5:5-7:35
	android:required
		ADDED from src\main\AndroidManifest.xml:7:9-32
	android:name
		ADDED from src\main\AndroidManifest.xml:6:9-48
uses-permission#android.permission.ACCESS_COARSE_LOCATION
ADDED from src\main\AndroidManifest.xml:8:5-10:36
	android:required
		ADDED from src\main\AndroidManifest.xml:10:9-33
	android:name
		ADDED from src\main\AndroidManifest.xml:9:9-65
uses-permission#android.permission.INTERNET
ADDED from src\main\AndroidManifest.xml:11:5-13:36
	android:required
		ADDED from src\main\AndroidManifest.xml:13:9-33
	android:name
		ADDED from src\main\AndroidManifest.xml:12:9-51
uses-permission#android.permission.ACCESS_FINE_LOCATION
ADDED from src\main\AndroidManifest.xml:14:5-16:36
	android:required
		ADDED from src\main\AndroidManifest.xml:16:9-33
	android:name
		ADDED from src\main\AndroidManifest.xml:15:9-63
uses-permission#android.permission.CAMERA
ADDED from src\main\AndroidManifest.xml:17:5-19:35
MERGED from [com.journeyapps:zxing-android-embedded:3.2.0] AndroidManifest.xml:21:5-65
	android:required
		ADDED from src\main\AndroidManifest.xml:19:9-32
	android:name
		ADDED from src\main\AndroidManifest.xml:18:9-49
uses-permission#android.permission.WRITE_EXTERNAL_STORAGE
ADDED from src\main\AndroidManifest.xml:20:5-22:35
	android:required
		ADDED from src\main\AndroidManifest.xml:22:9-32
	android:name
		ADDED from src\main\AndroidManifest.xml:21:9-65
application
ADDED from src\main\AndroidManifest.xml:24:5-170:19
MERGED from [com.android.support:appcompat-v7:24.2.1] AndroidManifest.xml:25:5-20
MERGED from [com.android.support:animated-vector-drawable:24.2.1] AndroidManifest.xml:22:5-20
MERGED from [com.android.support:support-vector-drawable:24.2.1] AndroidManifest.xml:23:5-20
MERGED from [com.facebook.android:facebook-android-sdk:4.1.0] AndroidManifest.xml:28:5-20
MERGED from [com.journeyapps:zxing-android-embedded:3.2.0] AndroidManifest.xml:45:5-53:19
MERGED from [com.android.support.constraint:constraint-layout:1.0.0-beta2] AndroidManifest.xml:9:5-20
MERGED from [com.google.android.gms:play-services-appindexing:8.4.0] AndroidManifest.xml:19:5-20
MERGED from [com.google.android.gms:play-services-basement:8.4.0] AndroidManifest.xml:20:5-24:19
MERGED from [com.android.support:support-v4:24.2.1] AndroidManifest.xml:25:5-20
MERGED from [com.android.support:support-fragment:24.2.1] AndroidManifest.xml:25:5-20
MERGED from [com.android.support:support-media-compat:24.2.1] AndroidManifest.xml:25:5-20
MERGED from [com.android.support:support-core-ui:24.2.1] AndroidManifest.xml:25:5-20
MERGED from [com.android.support:support-core-utils:24.2.1] AndroidManifest.xml:25:5-20
MERGED from [com.android.support:support-compat:24.2.1] AndroidManifest.xml:25:5-20
	android:label
		ADDED from src\main\AndroidManifest.xml:27:9-41
	android:supportsRtl
		ADDED from src\main\AndroidManifest.xml:28:9-35
	android:allowBackup
		ADDED from src\main\AndroidManifest.xml:25:9-35
	android:icon
		ADDED from src\main\AndroidManifest.xml:26:9-42
	android:theme
		ADDED from src\main\AndroidManifest.xml:29:9-40
meta-data#com.facebook.sdk.ApplicationId
ADDED from src\main\AndroidManifest.xml:30:9-32:55
	android:value
		ADDED from src\main\AndroidManifest.xml:32:13-52
	android:name
		ADDED from src\main\AndroidManifest.xml:31:13-58
activity#com.facebook.FacebookActivity
ADDED from src\main\AndroidManifest.xml:34:9-38:75
	android:label
		ADDED from src\main\AndroidManifest.xml:37:13-45
	android:configChanges
		ADDED from src\main\AndroidManifest.xml:36:13-96
	android:theme
		ADDED from src\main\AndroidManifest.xml:38:13-72
	android:name
		ADDED from src\main\AndroidManifest.xml:35:13-57
provider#com.facebook.FacebookContentProvider
ADDED from src\main\AndroidManifest.xml:40:9-43:39
	android:authorities
		ADDED from src\main\AndroidManifest.xml:42:13-91
	android:exported
		ADDED from src\main\AndroidManifest.xml:43:13-36
	android:name
		ADDED from src\main\AndroidManifest.xml:41:13-64
activity#uk.ac.leonarduea.haig.studentexperience.View.Language_GUI
ADDED from src\main\AndroidManifest.xml:45:9-53:20
	android:screenOrientation
		ADDED from src\main\AndroidManifest.xml:47:13-49
	android:name
		ADDED from src\main\AndroidManifest.xml:46:13-41
intent-filter#android.intent.action.MAIN+android.intent.category.LAUNCHER
ADDED from src\main\AndroidManifest.xml:48:13-52:29
action#android.intent.action.MAIN
ADDED from src\main\AndroidManifest.xml:49:17-69
	android:name
		ADDED from src\main\AndroidManifest.xml:49:25-66
category#android.intent.category.LAUNCHER
ADDED from src\main\AndroidManifest.xml:51:17-77
	android:name
		ADDED from src\main\AndroidManifest.xml:51:27-74
activity#uk.ac.leonarduea.haig.studentexperience.View.MainActivity_GUI
ADDED from src\main\AndroidManifest.xml:54:9-62:20
	android:screenOrientation
		ADDED from src\main\AndroidManifest.xml:56:13-49
	android:name
		ADDED from src\main\AndroidManifest.xml:55:13-45
intent-filter#android.intent.category.DEFAULT+uk.ac.leonarduea.haig.studentexperience.View.MainActivity
ADDED from src\main\AndroidManifest.xml:57:13-61:29
action#uk.ac.leonarduea.haig.studentexperience.View.MainActivity
ADDED from src\main\AndroidManifest.xml:58:17-100
	android:name
		ADDED from src\main\AndroidManifest.xml:58:25-97
category#android.intent.category.DEFAULT
ADDED from src\main\AndroidManifest.xml:60:17-76
	android:name
		ADDED from src\main\AndroidManifest.xml:60:27-73
activity#uk.ac.leonarduea.haig.studentexperience.View.Profil_GUI
ADDED from src\main\AndroidManifest.xml:63:9-71:20
	android:screenOrientation
		ADDED from src\main\AndroidManifest.xml:65:13-49
	android:name
		ADDED from src\main\AndroidManifest.xml:64:13-39
intent-filter#android.intent.category.DEFAULT+uk.ac.leonarduea.haig.studentexperience.View.Profil_GUI
ADDED from src\main\AndroidManifest.xml:66:13-70:29
action#uk.ac.leonarduea.haig.studentexperience.View.Profil_GUI
ADDED from src\main\AndroidManifest.xml:67:17-98
	android:name
		ADDED from src\main\AndroidManifest.xml:67:25-95
activity#uk.ac.leonarduea.haig.studentexperience.View.Home_GUI
ADDED from src\main\AndroidManifest.xml:72:9-80:20
	android:screenOrientation
		ADDED from src\main\AndroidManifest.xml:74:13-49
	android:name
		ADDED from src\main\AndroidManifest.xml:73:13-37
intent-filter#android.intent.category.DEFAULT+uk.ac.leonarduea.haig.studentexperience.View.Home
ADDED from src\main\AndroidManifest.xml:75:13-79:29
action#uk.ac.leonarduea.haig.studentexperience.View.Home
ADDED from src\main\AndroidManifest.xml:76:17-92
	android:name
		ADDED from src\main\AndroidManifest.xml:76:25-89
activity#uk.ac.leonarduea.haig.studentexperience.View.QR_GUI
ADDED from src\main\AndroidManifest.xml:81:9-89:20
	android:screenOrientation
		ADDED from src\main\AndroidManifest.xml:83:13-49
	android:name
		ADDED from src\main\AndroidManifest.xml:82:13-35
intent-filter#android.intent.category.DEFAULT+uk.ac.leonarduea.haig.studentexperience.View.qr
ADDED from src\main\AndroidManifest.xml:84:13-88:29
action#uk.ac.leonarduea.haig.studentexperience.View.qr
ADDED from src\main\AndroidManifest.xml:85:17-90
	android:name
		ADDED from src\main\AndroidManifest.xml:85:25-87
activity#uk.ac.leonarduea.haig.studentexperience.View.Hints_GUI
ADDED from src\main\AndroidManifest.xml:90:9-98:20
	android:screenOrientation
		ADDED from src\main\AndroidManifest.xml:92:13-49
	android:name
		ADDED from src\main\AndroidManifest.xml:91:13-38
intent-filter#android.intent.category.DEFAULT+uk.ac.leonarduea.haig.studentexperience.View.Hints
ADDED from src\main\AndroidManifest.xml:93:13-97:29
action#uk.ac.leonarduea.haig.studentexperience.View.Hints
ADDED from src\main\AndroidManifest.xml:94:17-93
	android:name
		ADDED from src\main\AndroidManifest.xml:94:25-90
activity#uk.ac.leonarduea.haig.studentexperience.View.Help_GUI
ADDED from src\main\AndroidManifest.xml:99:9-107:20
	android:screenOrientation
		ADDED from src\main\AndroidManifest.xml:101:13-49
	android:name
		ADDED from src\main\AndroidManifest.xml:100:13-37
intent-filter#android.intent.category.DEFAULT+uk.ac.leonarduea.haig.studentexperience.View.Help
ADDED from src\main\AndroidManifest.xml:102:13-106:29
action#uk.ac.leonarduea.haig.studentexperience.View.Help
ADDED from src\main\AndroidManifest.xml:103:17-92
	android:name
		ADDED from src\main\AndroidManifest.xml:103:25-89
activity#uk.ac.leonarduea.haig.studentexperience.View.Graduate_GUI
ADDED from src\main\AndroidManifest.xml:108:9-116:20
	android:screenOrientation
		ADDED from src\main\AndroidManifest.xml:110:13-49
	android:name
		ADDED from src\main\AndroidManifest.xml:109:13-41
intent-filter#android.intent.category.DEFAULT+uk.ac.leonarduea.haig.studentexperience.View.Graduate
ADDED from src\main\AndroidManifest.xml:111:13-115:29
action#uk.ac.leonarduea.haig.studentexperience.View.Graduate
ADDED from src\main\AndroidManifest.xml:112:17-96
	android:name
		ADDED from src\main\AndroidManifest.xml:112:25-93
activity#uk.ac.leonarduea.haig.studentexperience.View.Camera_GUI
ADDED from src\main\AndroidManifest.xml:117:9-125:20
	android:screenOrientation
		ADDED from src\main\AndroidManifest.xml:119:13-49
	android:name
		ADDED from src\main\AndroidManifest.xml:118:13-39
intent-filter#android.intent.category.DEFAULT+uk.ac.leonarduea.haig.studentexperience.View.Camera
ADDED from src\main\AndroidManifest.xml:120:13-124:29
action#uk.ac.leonarduea.haig.studentexperience.View.Camera
ADDED from src\main\AndroidManifest.xml:121:17-94
	android:name
		ADDED from src\main\AndroidManifest.xml:121:25-91
meta-data#com.google.android.gms.version
ADDED from src\main\AndroidManifest.xml:130:9-132:69
MERGED from [com.google.android.gms:play-services-basement:8.4.0] AndroidManifest.xml:21:9-23:69
	android:value
		ADDED from src\main\AndroidManifest.xml:132:13-66
	android:name
		ADDED from src\main\AndroidManifest.xml:131:13-58
activity#uk.ac.leonarduea.haig.studentexperience.View.Quiz_GUI
ADDED from src\main\AndroidManifest.xml:134:9-142:20
	android:screenOrientation
		ADDED from src\main\AndroidManifest.xml:136:13-49
	android:name
		ADDED from src\main\AndroidManifest.xml:135:13-37
intent-filter#android.intent.category.DEFAULT+uk.ac.leonarduea.haig.studentexperience.View.Quiz_GUI
ADDED from src\main\AndroidManifest.xml:137:13-141:29
action#uk.ac.leonarduea.haig.studentexperience.View.Quiz_GUI
ADDED from src\main\AndroidManifest.xml:138:17-96
	android:name
		ADDED from src\main\AndroidManifest.xml:138:25-93
activity#uk.ac.leonarduea.haig.studentexperience.View.Finish_GUI
ADDED from src\main\AndroidManifest.xml:143:9-151:20
	android:screenOrientation
		ADDED from src\main\AndroidManifest.xml:145:13-49
	android:name
		ADDED from src\main\AndroidManifest.xml:144:13-39
intent-filter#android.intent.category.DEFAULT+uk.ac.leonarduea.haig.studentexperience.View.Finish
ADDED from src\main\AndroidManifest.xml:146:13-150:29
action#uk.ac.leonarduea.haig.studentexperience.View.Finish
ADDED from src\main\AndroidManifest.xml:147:17-94
	android:name
		ADDED from src\main\AndroidManifest.xml:147:25-91
activity#uk.ac.leonarduea.haig.studentexperience.View.Journal_GUI
ADDED from src\main\AndroidManifest.xml:152:9-159:20
	android:name
		ADDED from src\main\AndroidManifest.xml:152:19-46
intent-filter#android.intent.category.DEFAULT+uk.ac.leonarduea.haig.studentexperience.View.Journal
ADDED from src\main\AndroidManifest.xml:154:13-158:29
action#uk.ac.leonarduea.haig.studentexperience.View.Journal
ADDED from src\main\AndroidManifest.xml:155:17-95
	android:name
		ADDED from src\main\AndroidManifest.xml:155:25-92
activity#uk.ac.leonarduea.haig.studentexperience.View.LeaderBoardData
ADDED from src\main\AndroidManifest.xml:162:9-169:20
	android:name
		ADDED from src\main\AndroidManifest.xml:162:19-50
intent-filter#android.intent.category.DEFAULT+uk.ac.leonarduea.haig.studentexperience.View.LeaderBoardData
ADDED from src\main\AndroidManifest.xml:164:13-168:29
action#uk.ac.leonarduea.haig.studentexperience.View.LeaderBoardData
ADDED from src\main\AndroidManifest.xml:165:17-103
	android:name
		ADDED from src\main\AndroidManifest.xml:165:25-100
uses-sdk
INJECTED from src\main\AndroidManifest.xml reason: use-sdk injection requested
MERGED from [com.android.support:appcompat-v7:24.2.1] AndroidManifest.xml:21:5-23:78
MERGED from [com.android.support:animated-vector-drawable:24.2.1] AndroidManifest.xml:20:5-44
MERGED from [com.android.support:support-vector-drawable:24.2.1] AndroidManifest.xml:21:5-43
MERGED from [com.facebook.android:facebook-android-sdk:4.1.0] AndroidManifest.xml:24:5-26:41
MERGED from [com.journeyapps:zxing-android-embedded:3.2.0] AndroidManifest.xml:19:5-43
MERGED from [com.android.support.constraint:constraint-layout:1.0.0-beta2] AndroidManifest.xml:5:5-7:41
MERGED from [com.google.android.gms:play-services-appindexing:8.4.0] AndroidManifest.xml:18:5-42
MERGED from [com.google.android.gms:play-services-base:8.4.0] AndroidManifest.xml:18:5-42
MERGED from [com.google.android.gms:play-services-basement:8.4.0] AndroidManifest.xml:18:5-42
MERGED from [com.android.support:support-v4:24.2.1] AndroidManifest.xml:21:5-23:54
MERGED from [com.android.support:support-fragment:24.2.1] AndroidManifest.xml:21:5-23:60
MERGED from [com.android.support:support-media-compat:24.2.1] AndroidManifest.xml:21:5-23:63
MERGED from [com.android.support:support-core-ui:24.2.1] AndroidManifest.xml:21:5-23:58
MERGED from [com.android.support:support-core-utils:24.2.1] AndroidManifest.xml:21:5-23:61
MERGED from [com.android.support:support-compat:24.2.1] AndroidManifest.xml:21:5-23:58
	tools:overrideLibrary
		ADDED from [com.android.support:appcompat-v7:24.2.1] AndroidManifest.xml:23:9-75
	android:targetSdkVersion
		INJECTED from src\main\AndroidManifest.xml
		INJECTED from src\main\AndroidManifest.xml
	android:minSdkVersion
		INJECTED from src\main\AndroidManifest.xml
		INJECTED from src\main\AndroidManifest.xml
uses-feature#android.hardware.camera
ADDED from [com.journeyapps:zxing-android-embedded:3.2.0] AndroidManifest.xml:24:5-26:36
	android:required
		ADDED from [com.journeyapps:zxing-android-embedded:3.2.0] AndroidManifest.xml:26:9-33
	android:name
		ADDED from [com.journeyapps:zxing-android-embedded:3.2.0] AndroidManifest.xml:25:9-47
uses-feature#android.hardware.camera.front
ADDED from [com.journeyapps:zxing-android-embedded:3.2.0] AndroidManifest.xml:27:5-29:36
	android:required
		ADDED from [com.journeyapps:zxing-android-embedded:3.2.0] AndroidManifest.xml:29:9-33
	android:name
		ADDED from [com.journeyapps:zxing-android-embedded:3.2.0] AndroidManifest.xml:28:9-53
uses-feature#android.hardware.camera.autofocus
ADDED from [com.journeyapps:zxing-android-embedded:3.2.0] AndroidManifest.xml:32:5-34:36
	android:required
		ADDED from [com.journeyapps:zxing-android-embedded:3.2.0] AndroidManifest.xml:34:9-33
	android:name
		ADDED from [com.journeyapps:zxing-android-embedded:3.2.0] AndroidManifest.xml:33:9-57
uses-feature#android.hardware.camera.flash
ADDED from [com.journeyapps:zxing-android-embedded:3.2.0] AndroidManifest.xml:35:5-37:36
	android:required
		ADDED from [com.journeyapps:zxing-android-embedded:3.2.0] AndroidManifest.xml:37:9-33
	android:name
		ADDED from [com.journeyapps:zxing-android-embedded:3.2.0] AndroidManifest.xml:36:9-53
uses-feature#android.hardware.screen.landscape
ADDED from [com.journeyapps:zxing-android-embedded:3.2.0] AndroidManifest.xml:38:5-40:36
	android:required
		ADDED from [com.journeyapps:zxing-android-embedded:3.2.0] AndroidManifest.xml:40:9-33
	android:name
		ADDED from [com.journeyapps:zxing-android-embedded:3.2.0] AndroidManifest.xml:39:9-57
uses-feature#android.hardware.wifi
ADDED from [com.journeyapps:zxing-android-embedded:3.2.0] AndroidManifest.xml:41:5-43:36
	android:required
		ADDED from [com.journeyapps:zxing-android-embedded:3.2.0] AndroidManifest.xml:43:9-33
	android:name
		ADDED from [com.journeyapps:zxing-android-embedded:3.2.0] AndroidManifest.xml:42:9-45
activity#com.journeyapps.barcodescanner.CaptureActivity
ADDED from [com.journeyapps:zxing-android-embedded:3.2.0] AndroidManifest.xml:46:9-52:63
	android:clearTaskOnLaunch
		ADDED from [com.journeyapps:zxing-android-embedded:3.2.0] AndroidManifest.xml:48:13-45
	android:screenOrientation
		ADDED from [com.journeyapps:zxing-android-embedded:3.2.0] AndroidManifest.xml:49:13-56
	android:stateNotNeeded
		ADDED from [com.journeyapps:zxing-android-embedded:3.2.0] AndroidManifest.xml:50:13-42
	android:windowSoftInputMode
		ADDED from [com.journeyapps:zxing-android-embedded:3.2.0] AndroidManifest.xml:52:13-60
	android:theme
		ADDED from [com.journeyapps:zxing-android-embedded:3.2.0] AndroidManifest.xml:51:13-54
	android:name
		ADDED from [com.journeyapps:zxing-android-embedded:3.2.0] AndroidManifest.xml:47:13-74